d:\programming\stravi\cpython\snakelibrary\snakelibrary\x64\release\snakelibrary.pch
d:\programming\stravi\cpython\snakelibrary\snakelibrary\x64\release\vc143.pdb
d:\programming\stravi\cpython\snakelibrary\snakelibrary\x64\release\pch.obj
d:\programming\stravi\cpython\snakelibrary\snakelibrary\x64\release\snakelibrary.obj
d:\programming\stravi\cpython\snakelibrary\snakelibrary\x64\release\snakegame.obj
d:\programming\stravi\cpython\snakelibrary\snakelibrary\x64\release\neatnn.obj
d:\programming\stravi\cpython\snakelibrary\snakelibrary\x64\release\dllmain.obj
d:\programming\stravi\cpython\snakelibrary\snakelibrary\x64\release\cgeneration.obj
d:\programming\stravi\cpython\snakelibrary\x64\release\snakelibrary.dll
d:\programming\stravi\cpython\snakelibrary\snakelibrary\x64\release\snakelibrary.ipdb
d:\programming\stravi\cpython\snakelibrary\x64\release\snakelibrary.pdb
d:\programming\stravi\cpython\snakelibrary\snakelibrary\x64\release\snakelibrary.iobj
d:\programming\stravi\cpython\snakelibrary\x64\release\snakelibrary.lib
d:\programming\stravi\cpython\snakelibrary\x64\release\snakelibrary.exp
d:\programming\stravi\cpython\snakelibrary\snakelibrary\x64\release\snakelibrary.tlog\cl.command.1.tlog
d:\programming\stravi\cpython\snakelibrary\snakelibrary\x64\release\snakelibrary.tlog\cl.read.1.tlog
d:\programming\stravi\cpython\snakelibrary\snakelibrary\x64\release\snakelibrary.tlog\cl.write.1.tlog
d:\programming\stravi\cpython\snakelibrary\snakelibrary\x64\release\snakelibrary.tlog\link.command.1.tlog
d:\programming\stravi\cpython\snakelibrary\snakelibrary\x64\release\snakelibrary.tlog\link.read.1.tlog
d:\programming\stravi\cpython\snakelibrary\snakelibrary\x64\release\snakelibrary.tlog\link.write.1.tlog
d:\programming\stravi\cpython\snakelibrary\snakelibrary\x64\release\snakelibrary.tlog\snakelibrary.write.1u.tlog
