  CGeneration.cpp
D:\programming\stravi\cpython\SnakeLibrary\SnakeLibrary\NeatNN.h(49,10): warning C4477: 'printf' : format string '%s' requires an argument of type 'char *', but variadic argument 1 has type 'std::string'
D:\programming\stravi\cpython\SnakeLibrary\SnakeLibrary\NeatNN.h(49,10): warning C4477: 'printf' : format string '%s' requires an argument of type 'char *', but variadic argument 2 has type 'std::string'
D:\programming\stravi\cpython\SnakeLibrary\SnakeLibrary\NeatNN.h(208,12): warning C4477: 'printf' : format string '%s' requires an argument of type 'char *', but variadic argument 1 has type 'std::string'
D:\programming\stravi\cpython\SnakeLibrary\SnakeLibrary\SnakeGame.h(59,1): warning C4267: 'initializing': conversion from 'size_t' to 'int', possible loss of data
D:\programming\stravi\cpython\SnakeLibrary\SnakeLibrary\CGeneration.h(103,12): warning C4477: 'printf' : format string '%d' requires an argument of type 'int', but variadic argument 1 has type 'unsigned __int64'
D:\programming\stravi\cpython\SnakeLibrary\SnakeLibrary\CGeneration.h(103,12): message : consider using '%zd' in the format string
  NeatNN.cpp
D:\programming\stravi\cpython\SnakeLibrary\SnakeLibrary\NeatNN.h(49,10): warning C4477: 'printf' : format string '%s' requires an argument of type 'char *', but variadic argument 1 has type 'std::string'
D:\programming\stravi\cpython\SnakeLibrary\SnakeLibrary\NeatNN.h(49,10): warning C4477: 'printf' : format string '%s' requires an argument of type 'char *', but variadic argument 2 has type 'std::string'
D:\programming\stravi\cpython\SnakeLibrary\SnakeLibrary\NeatNN.h(208,12): warning C4477: 'printf' : format string '%s' requires an argument of type 'char *', but variadic argument 1 has type 'std::string'
  SnakeGame.cpp
D:\programming\stravi\cpython\SnakeLibrary\SnakeLibrary\NeatNN.h(49,10): warning C4477: 'printf' : format string '%s' requires an argument of type 'char *', but variadic argument 1 has type 'std::string'
D:\programming\stravi\cpython\SnakeLibrary\SnakeLibrary\NeatNN.h(49,10): warning C4477: 'printf' : format string '%s' requires an argument of type 'char *', but variadic argument 2 has type 'std::string'
D:\programming\stravi\cpython\SnakeLibrary\SnakeLibrary\NeatNN.h(208,12): warning C4477: 'printf' : format string '%s' requires an argument of type 'char *', but variadic argument 1 has type 'std::string'
D:\programming\stravi\cpython\SnakeLibrary\SnakeLibrary\SnakeGame.h(59,1): warning C4267: 'initializing': conversion from 'size_t' to 'int', possible loss of data
  SnakeLibrary.cpp
D:\programming\stravi\cpython\SnakeLibrary\SnakeLibrary\NeatNN.h(49,10): warning C4477: 'printf' : format string '%s' requires an argument of type 'char *', but variadic argument 1 has type 'std::string'
D:\programming\stravi\cpython\SnakeLibrary\SnakeLibrary\NeatNN.h(49,10): warning C4477: 'printf' : format string '%s' requires an argument of type 'char *', but variadic argument 2 has type 'std::string'
D:\programming\stravi\cpython\SnakeLibrary\SnakeLibrary\NeatNN.h(208,12): warning C4477: 'printf' : format string '%s' requires an argument of type 'char *', but variadic argument 1 has type 'std::string'
D:\programming\stravi\cpython\SnakeLibrary\SnakeLibrary\SnakeGame.h(59,1): warning C4267: 'initializing': conversion from 'size_t' to 'int', possible loss of data
D:\programming\stravi\cpython\SnakeLibrary\SnakeLibrary\CGeneration.h(103,12): warning C4477: 'printf' : format string '%d' requires an argument of type 'int', but variadic argument 1 has type 'unsigned __int64'
D:\programming\stravi\cpython\SnakeLibrary\SnakeLibrary\CGeneration.h(103,12): message : consider using '%zd' in the format string
     Creating library D:\programming\stravi\cpython\SnakeLibrary\x64\Release\SnakeLibrary.lib and object D:\programming\stravi\cpython\SnakeLibrary\x64\Release\SnakeLibrary.exp
  Generating code
  41 of 918 functions ( 4.5%) were compiled, the rest were copied from previous compilation.
    12 functions were new in current compilation
    90 functions had inline decision re-evaluated but remain unchanged
  Finished generating code
  SnakeLibrary.vcxproj -> D:\programming\stravi\cpython\SnakeLibrary\x64\Release\SnakeLibrary.dll
